<?xml version="1.0" encoding="UTF-8"?>
<!-- Generated by org.testng.reporters.JUnitReportReporter -->
<testsuite skipped="0" hostname="DESKTOP-2JV4QRQ" name="org.parallel.runner.CommonRunner" tests="8" failures="0" timestamp="20 Oct 2022 15:00:56 GMT" time="139.689" errors="0">
  <testcase name="runScenario" time="10.872" classname="org.parallel.runner.CommonRunner"/>
  <testcase name="runScenario" time="26.761" classname="org.parallel.runner.CommonRunner"/>
  <testcase name="runScenario" time="14.736" classname="org.parallel.runner.CommonRunner"/>
  <testcase name="runScenario" time="16.817" classname="org.parallel.runner.CommonRunner"/>
  <testcase name="runScenario" time="27.954" classname="org.parallel.runner.CommonRunner"/>
  <testcase name="runScenario" time="10.712" classname="org.parallel.runner.CommonRunner"/>
  <testcase name="runScenario" time="22.902" classname="org.parallel.runner.CommonRunner"/>
  <testcase name="runScenario" time="8.935" classname="org.parallel.runner.CommonRunner"/>
</testsuite> <!-- org.parallel.runner.CommonRunner -->
