<?xml version="1.0" encoding="UTF-8"?>
<!-- Generated by org.testng.reporters.JUnitReportReporter -->
<testsuite skipped="0" hostname="DESKTOP-2JV4QRQ" name="org.parallel.runner.CommonRunner" tests="8" failures="0" timestamp="25 Oct 2022 12:05:21 GMT" time="128.132" errors="0">
  <testcase name="runScenario" time="16.930" classname="org.parallel.runner.CommonRunner"/>
  <testcase name="runScenario" time="10.957" classname="org.parallel.runner.CommonRunner"/>
  <testcase name="runScenario" time="13.546" classname="org.parallel.runner.CommonRunner"/>
  <testcase name="runScenario" time="25.675" classname="org.parallel.runner.CommonRunner"/>
  <testcase name="runScenario" time="10.278" classname="org.parallel.runner.CommonRunner"/>
  <testcase name="runScenario" time="21.632" classname="org.parallel.runner.CommonRunner"/>
  <testcase name="runScenario" time="17.351" classname="org.parallel.runner.CommonRunner"/>
  <testcase name="runScenario" time="11.763" classname="org.parallel.runner.CommonRunner"/>
</testsuite> <!-- org.parallel.runner.CommonRunner -->
