<?xml version="1.0" encoding="UTF-8"?>
<!-- Generated by org.testng.reporters.JUnitReportReporter -->
<testsuite skipped="0" hostname="DESKTOP-2JV4QRQ" name="org.parallel.runner.CommonRunner" tests="4" failures="0" timestamp="25 Oct 2022 12:30:52 GMT" time="40.248" errors="0">
  <testcase name="runScenario" time="9.464" classname="org.parallel.runner.CommonRunner"/>
  <testcase name="runScenario" time="8.836" classname="org.parallel.runner.CommonRunner"/>
  <testcase name="runScenario" time="8.622" classname="org.parallel.runner.CommonRunner"/>
  <testcase name="runScenario" time="13.326" classname="org.parallel.runner.CommonRunner"/>
</testsuite> <!-- org.parallel.runner.CommonRunner -->
