<?xml version="1.0" encoding="UTF-8"?>
<!-- Generated by org.testng.reporters.JUnitReportReporter -->
<testsuite skipped="0" hostname="DESKTOP-2JV4QRQ" name="org.parallel.runner.CommonRunner" tests="2" failures="0" timestamp="30 Jan 2023 09:37:48 GMT" time="15.962" errors="0">
  <testcase name="runScenario" time="8.130" classname="org.parallel.runner.CommonRunner"/>
  <testcase name="runScenario" time="7.832" classname="org.parallel.runner.CommonRunner"/>
</testsuite> <!-- org.parallel.runner.CommonRunner -->
