<?xml version="1.0" encoding="UTF-8"?>
<!-- Generated by org.testng.reporters.JUnitReportReporter -->
<testsuite skipped="0" hostname="DESKTOP-2JV4QRQ" name="org.parallel.runner.CommonRunner" tests="4" failures="0" timestamp="20 Oct 2022 04:40:02 GMT" time="74.962" errors="0">
  <testcase name="runScenario" time="17.135" classname="org.parallel.runner.CommonRunner"/>
  <testcase name="runScenario" time="21.984" classname="org.parallel.runner.CommonRunner"/>
  <testcase name="runScenario" time="15.781" classname="org.parallel.runner.CommonRunner"/>
  <testcase name="runScenario" time="20.062" classname="org.parallel.runner.CommonRunner"/>
</testsuite> <!-- org.parallel.runner.CommonRunner -->
